2017-10-18 11:42:56 - PHP Warning:  stream_socket_enable_crypto(): SSL operation failed with code 1. OpenSSL Error messages:
error:14090086:SSL routines:ssl3_get_server_certificate:certificate verify failed in D:\htdocs\e-tsurayyastoreoc\system\library\mail.php on line 220
2017-10-18 12:30:08 - PHP Warning:  fsockopen(): SSL operation failed with code 1. OpenSSL Error messages:
error:14090086:SSL routines:ssl3_get_server_certificate:certificate verify failed in D:\htdocs\e-tsurayyastoreoc\system\library\mail.php on line 167
2017-10-18 12:30:08 - PHP Warning:  fsockopen(): Failed to enable crypto in D:\htdocs\e-tsurayyastoreoc\system\library\mail.php on line 167
2017-10-18 12:30:08 - PHP Warning:  fsockopen(): unable to connect to ssl://smtp.gmail.com:465 (Unknown error) in D:\htdocs\e-tsurayyastoreoc\system\library\mail.php on line 167
2017-10-18 12:31:26 - PHP Warning:  fsockopen(): SSL operation failed with code 1. OpenSSL Error messages:
error:14090086:SSL routines:ssl3_get_server_certificate:certificate verify failed in D:\htdocs\e-tsurayyastoreoc\system\library\mail.php on line 167
2017-10-18 12:31:26 - PHP Warning:  fsockopen(): Failed to enable crypto in D:\htdocs\e-tsurayyastoreoc\system\library\mail.php on line 167
2017-10-18 12:31:26 - PHP Warning:  fsockopen(): unable to connect to ssl://smtp.gmail.com:465 (Unknown error) in D:\htdocs\e-tsurayyastoreoc\system\library\mail.php on line 167
2017-10-20 5:29:56 - PHP Notice:  Undefined variable: token in D:\htdocs\e-tsurayyastoreoc\admin\view\template\extension\module\ochozmegamenu.tpl on line 184
2017-10-20 5:37:08 - PHP Notice:  Undefined variable: token in D:\htdocs\e-tsurayyastoreoc\admin\view\template\extension\module\ochozmegamenu.tpl on line 184
2017-10-20 16:43:34 - PHP Notice:  Undefined variable: replay in D:\htdocs\e-tsurayyastoreoc\system\library\mail.php on line 251
2017-10-20 16:49:54 - PHP Notice:  fputs(): send of 16 bytes failed with errno=10053 An established connection was aborted by the software in your host machine.
 in D:\htdocs\e-tsurayyastoreoc\system\library\mail.php on line 224
2017-10-20 16:51:04 - PHP Notice:  fputs(): send of 16 bytes failed with errno=10053 An established connection was aborted by the software in your host machine.
 in D:\htdocs\e-tsurayyastoreoc\system\library\mail.php on line 224
2017-10-21 13:42:04 - PHP Warning:  fsockopen(): unable to connect to mx1.hostinger.co.id:25 (Connection refused) in /home/u246930799/public_html/e-tsurayyastore/system/library/mail.php on line 167
2017-10-23 16:12:14 - PHP Warning:  Invalid argument supplied for foreach() in /home/u246930799/public_html/e-tsurayyastore/system/library/mail.php on line 21
2017-10-23 16:12:14 - PHP Notice:  Error: Could not load template /home/u246930799/public_html/e-tsurayyastore/catalog/view/theme/default/template/mail/register.tpl! in /home/u246930799/public_html/e-tsurayyastore/system/storage/modification/system/library/template/php.php on line 23
2017-10-23 16:13:38 - PHP Warning:  Invalid argument supplied for foreach() in /home/u246930799/public_html/e-tsurayyastore/system/library/mail.php on line 21
2017-10-23 16:13:38 - PHP Notice:  Error: Could not load template /home/u246930799/public_html/e-tsurayyastore/catalog/view/theme/default/template/mail/register.tpl! in /home/u246930799/public_html/e-tsurayyastore/system/storage/modification/system/library/template/php.php on line 23
2017-10-23 16:14:16 - PHP Notice:  Error: Could not load template /home/u246930799/public_html/e-tsurayyastore/catalog/view/theme/default/template/mail/register.tpl! in /home/u246930799/public_html/e-tsurayyastore/system/storage/modification/system/library/template/php.php on line 23
2017-10-23 16:15:34 - PHP Notice:  Error: Could not load template /home/u246930799/public_html/e-tsurayyastore/catalog/view/theme/default/template/mail/register.tpl! in /home/u246930799/public_html/e-tsurayyastore/system/storage/modification/system/library/template/php.php on line 23
2017-10-23 16:18:21 - PHP Warning:  Invalid argument supplied for foreach() in /home/u246930799/public_html/e-tsurayyastore/system/library/mail.php on line 21
2017-10-23 16:21:13 - PHP Warning:  Invalid argument supplied for foreach() in /home/u246930799/public_html/e-tsurayyastore/system/library/mail.php on line 21
2017-10-23 16:26:26 - PHP Warning:  Invalid argument supplied for foreach() in /home/u246930799/public_html/e-tsurayyastore/system/library/mail.php on line 21
